= Host-specific information ====================================================
$> hostname; uname -msr
e1r5p21.42.fr
Darwin 15.6.0 x86_64
$> date
Mon Apr  3 15:19:21 CEST 2017
$> gcc --version
Configured with: --prefix=/Applications/Xcode.app/Contents/Developer/usr --with-gxx-include-dir=/usr/include/c++/4.2.1
Apple LLVM version 8.0.0 (clang-800.0.42.1)
Target: x86_64-apple-darwin15.6.0
Thread model: posix
InstalledDir: /Applications/Xcode.app/Contents/Developer/Toolchains/XcodeDefault.xctoolchain/usr/bin
$> clang --version
Apple LLVM version 8.0.0 (clang-800.0.42.1)
Target: x86_64-apple-darwin15.6.0
Thread model: posix
InstalledDir: /Applications/Xcode.app/Contents/Developer/Toolchains/XcodeDefault.xctoolchain/usr/bin

= User files collection ========================================================
Collecting user files from Vogsphere
Repository URL: auto-exam/2017/c-exam-beginner/practice-exam_20170403/afillion

= Git history ==================================================================
$> git -C /var/folders/wk/k8vjzn1j2_q_fh28jntvrrbr0000gq/T/tmpazKeI3/user log --pretty='%H - %an, %ad : %s'
37853c9097d18fd18b7c29fa616f95b522147a87 - Alexis FILLION, Mon Apr 3 15:19:09 2017 +0200 : fprime.c
e411bcb25901af161b31e09b23889b631a609ae2 - Alexis FILLION, Mon Apr 3 14:26:12 2017 +0200 : epur_str
7888ba868c604ba07834432729146d4fdc6b4c15 - Alexis FILLION, Mon Apr 3 14:00:48 2017 +0200 : supp a.out
a68b865288ed69731b6ae424cf17be7c90e73fd4 - Alexis FILLION, Mon Apr 3 14:00:19 2017 +0200 : first commit
 
= Collected files ==========================================
$> ls -lAR /var/folders/wk/k8vjzn1j2_q_fh28jntvrrbr0000gq/T/tmpazKeI3/user
total 8
-rw-r--r--  1 deepthought  deepthought  1020 Apr  3 15:19 __GIT_HISTORY
drwxr-xr-x  3 deepthought  deepthought   102 Apr  3 15:19 epur_str
drwxr-xr-x  3 deepthought  deepthought   102 Apr  3 15:19 fprime
drwxr-xr-x  3 deepthought  deepthought   102 Apr  3 15:19 paramsum

/var/folders/wk/k8vjzn1j2_q_fh28jntvrrbr0000gq/T/tmpazKeI3/user/epur_str:
total 8
-rw-r--r--  1 deepthought  deepthought  431 Apr  3 15:19 epur_str.c

/var/folders/wk/k8vjzn1j2_q_fh28jntvrrbr0000gq/T/tmpazKeI3/user/fprime:
total 8
-rw-r--r--  1 deepthought  deepthought  498 Apr  3 15:19 fprime.c

/var/folders/wk/k8vjzn1j2_q_fh28jntvrrbr0000gq/T/tmpazKeI3/user/paramsum:
total 8
-rw-r--r--  1 deepthought  deepthought  266 Apr  3 15:19 paramsum.c
 
= fprime =======================================================================
$> clang -Wextra -Wall -Werror fprime.c -o user_exe 

= Test 1 ===================================================
$> ./92rnrudz0blawc9t7wig792q 
$> diff -U 3 user_output_test1 test1.output | cat -e

Diff OK :D
= Test 2 ===================================================
$> ./n58gofbnr2hexp6z0zb6rrqb "1" "2" "3" "4" "5" "6"
$> diff -U 3 user_output_test2 test2.output | cat -e

Diff OK :D
= Test 3 ===================================================
$> ./x9jh1hq74my6btqdlplgpocc 126
$> diff -U 3 user_output_test3 test3.output | cat -e

Diff OK :D
= Test 4 ===================================================
$> ./8tedv3ednkrehbgodd72h2qz 165
$> diff -U 3 user_output_test4 test4.output | cat -e

Diff OK :D
= Test 5 ===================================================
$> ./hjs7aku1zghohjardhgf13p6 184
$> diff -U 3 user_output_test5 test5.output | cat -e

Diff OK :D
= Test 6 ===================================================
$> ./81dw9q7k0gtg34h8wgsrl9ur 82
$> diff -U 3 user_output_test6 test6.output | cat -e

Diff OK :D
= Test 7 ===================================================
$> ./gdm9po56ct5s0ddkipdtkxvc 59
$> diff -U 3 user_output_test7 test7.output | cat -e

Diff OK :D
= Test 8 ===================================================
$> ./9nmk4dw26d2q03tznhlmw5vk 195
$> diff -U 3 user_output_test8 test8.output | cat -e

Diff OK :D
= Test 9 ===================================================
$> ./onmm9xyanv5atj9e8l03kp94 185
$> diff -U 3 user_output_test9 test9.output | cat -e

Diff OK :D
= Test 10 ==================================================
$> ./kuqskzbz3lwekkoete6q4qv9 21
$> diff -U 3 user_output_test10 test10.output | cat -e

Diff OK :D
= Test 11 ==================================================
$> ./8yzsgf3sl3oahv4mrr4sh482 1917759
$> diff -U 3 user_output_test11 test11.output | cat -e

Diff OK :D
= Test 12 ==================================================
$> ./crvdt9uqb2jbo09ethmh5q6o 1933374
$> diff -U 3 user_output_test12 test12.output | cat -e

Diff OK :D
= Test 13 ==================================================
$> ./yqoca8npg74k2l6qtjmmwg8v 167862
$> diff -U 3 user_output_test13 test13.output | cat -e

Diff OK :D
= Test 14 ==================================================
$> ./05qo09xdeaiqds2co4pjyhr0 615037
$> diff -U 3 user_output_test14 test14.output | cat -e

Diff OK :D
= Test 15 ==================================================
$> ./dcrgfao04sjk6joylinrxfle 171722
$> diff -U 3 user_output_test15 test15.output | cat -e

Diff OK :D
Grade: 1

= Final grade: 1 ===============================================================
