= Host-specific information ====================================================
$> hostname; uname -msr
e1r5p21.42.fr
Darwin 15.6.0 x86_64
$> date
Mon Apr  3 18:35:00 CEST 2017
$> gcc --version
Configured with: --prefix=/Applications/Xcode.app/Contents/Developer/usr --with-gxx-include-dir=/usr/include/c++/4.2.1
Apple LLVM version 8.0.0 (clang-800.0.42.1)
Target: x86_64-apple-darwin15.6.0
Thread model: posix
InstalledDir: /Applications/Xcode.app/Contents/Developer/Toolchains/XcodeDefault.xctoolchain/usr/bin
$> clang --version
Apple LLVM version 8.0.0 (clang-800.0.42.1)
Target: x86_64-apple-darwin15.6.0
Thread model: posix
InstalledDir: /Applications/Xcode.app/Contents/Developer/Toolchains/XcodeDefault.xctoolchain/usr/bin

= User files collection ========================================================
Collecting user files from Vogsphere
Repository URL: auto-exam/2017/c-exam-beginner/practice-exam_20170403/afillion3

= Git history ==================================================================
$> git -C /var/folders/wk/k8vjzn1j2_q_fh28jntvrrbr0000gq/T/tmpADjzFe/user log --pretty='%H - %an, %ad : %s'
f534e33de7566f3183067777f764b45b04ba6718 - Alexis FILLION, Mon Apr 3 18:34:54 2017 +0200 : sort_list
d4beb6bcf00ded9c1cd405dbf4e40b10cc6cfe10 - Alexis FILLION, Mon Apr 3 18:10:19 2017 +0200 : add_prime_sum
 
= Collected files ==========================================
$> ls -lAR /var/folders/wk/k8vjzn1j2_q_fh28jntvrrbr0000gq/T/tmpADjzFe/user
total 8
-rw-r--r--  1 deepthought  deepthought  506 Apr  3 18:35 __GIT_HISTORY
drwxr-xr-x  3 deepthought  deepthought  102 Apr  3 18:35 add_prime_sum
drwxr-xr-x  3 deepthought  deepthought  102 Apr  3 18:35 sort_list

/var/folders/wk/k8vjzn1j2_q_fh28jntvrrbr0000gq/T/tmpADjzFe/user/add_prime_sum:
total 8
-rw-r--r--  1 deepthought  deepthought  845 Apr  3 18:35 add_prime_sum.c

/var/folders/wk/k8vjzn1j2_q_fh28jntvrrbr0000gq/T/tmpADjzFe/user/sort_list:
total 8
-rw-r--r--  1 deepthought  deepthought  367 Apr  3 18:35 sort_list.c
 
= sort_list ====================================================================
$> clang -Wextra -Wall -Werror sort_list.c main.c -o user_exe 

= Test 1 ===================================================
$> ./ibgfn7ly0w52jzam42976qv1
$> diff -U 3 user_output_test1 test1.output | cat -e

Diff OK :D
Grade: 1

= Final grade: 1 ===============================================================
