= Host-specific information ====================================================
$> hostname; uname -msr
e1r3p6.42.fr
Darwin 15.6.0 x86_64
$> date
Mon Apr  3 17:07:33 CEST 2017
$> gcc --version
Configured with: --prefix=/Applications/Xcode.app/Contents/Developer/usr --with-gxx-include-dir=/usr/include/c++/4.2.1
Apple LLVM version 8.0.0 (clang-800.0.42.1)
Target: x86_64-apple-darwin15.6.0
Thread model: posix
InstalledDir: /Applications/Xcode.app/Contents/Developer/Toolchains/XcodeDefault.xctoolchain/usr/bin
$> clang --version
Apple LLVM version 8.0.0 (clang-800.0.42.1)
Target: x86_64-apple-darwin15.6.0
Thread model: posix
InstalledDir: /Applications/Xcode.app/Contents/Developer/Toolchains/XcodeDefault.xctoolchain/usr/bin

= User files collection ========================================================
Collecting user files from Vogsphere
Repository URL: auto-exam/2017/c-exam-beginner/practice-exam_20170403/afillion2

= Git history ==================================================================
$> git -C /var/folders/6j/2djdyqp51cv16fg6n1qrzgch0000gq/T/tmpkavcBJ/user log --pretty='%H - %an, %ad : %s'
4bb2815afdfb62ba41463394075c709ea1c4b250 - Alexis FILLION, Mon Apr 3 17:07:24 2017 +0200 : sort_list/sort_list.c
534eaabc6c10a044e996410cb282eab425fd5c25 - Alexis FILLION, Mon Apr 3 15:38:07 2017 +0200 : ft_range.c
 
= Collected files ==========================================
$> ls -lAR /var/folders/6j/2djdyqp51cv16fg6n1qrzgch0000gq/T/tmpkavcBJ/user
total 8
-rw-r--r--  1 deepthought  deepthought  481 Apr  3 17:07 __GIT_HISTORY
drwxr-xr-x  3 deepthought  deepthought  102 Apr  3 17:07 ft_range
drwxr-xr-x  3 deepthought  deepthought  102 Apr  3 17:07 sort_list

/var/folders/6j/2djdyqp51cv16fg6n1qrzgch0000gq/T/tmpkavcBJ/user/ft_range:
total 8
-rw-r--r--  1 deepthought  deepthought  345 Apr  3 17:07 ft_range.c

/var/folders/6j/2djdyqp51cv16fg6n1qrzgch0000gq/T/tmpkavcBJ/user/sort_list:
total 8
-rw-r--r--  1 deepthought  deepthought  347 Apr  3 17:07 sort_list.c
 
= sort_list ====================================================================
$> clang -Wextra -Wall -Werror sort_list.c main.c -o user_exe 
sort_list.c:9:22: error: use of undeclared identifier 'NULL'
        while (lst->next != NULL)
                            ^
1 error generated.

Could not compile 'user_exe'
Grade: 0

= Final grade: 0 ===============================================================
