= Host-specific information ====================================================
$> hostname; uname -msr
e2r12p9.42.fr
Darwin 15.6.0 x86_64
$> date
Mon Apr  3 15:51:52 CEST 2017
$> gcc --version
Configured with: --prefix=/Applications/Xcode.app/Contents/Developer/usr --with-gxx-include-dir=/usr/include/c++/4.2.1
Apple LLVM version 8.0.0 (clang-800.0.42.1)
Target: x86_64-apple-darwin15.6.0
Thread model: posix
InstalledDir: /Applications/Xcode.app/Contents/Developer/Toolchains/XcodeDefault.xctoolchain/usr/bin
$> clang --version
Apple LLVM version 8.0.0 (clang-800.0.42.1)
Target: x86_64-apple-darwin15.6.0
Thread model: posix
InstalledDir: /Applications/Xcode.app/Contents/Developer/Toolchains/XcodeDefault.xctoolchain/usr/bin

= User files collection ========================================================
Collecting user files from Vogsphere
Repository URL: auto-exam/2017/c-exam-beginner/practice-exam_20170403/afillion2

= Git history ==================================================================
$> git -C /var/folders/f8/ybr95bn17j9dfg5lxtgcz9vm0000gq/T/tmpRYHI3J/user log --pretty='%H - %an, %ad : %s'
534eaabc6c10a044e996410cb282eab425fd5c25 - Alexis FILLION, Mon Apr 3 15:38:07 2017 +0200 : ft_range.c
 
= Collected files ==========================================
$> ls -lAR /var/folders/f8/ybr95bn17j9dfg5lxtgcz9vm0000gq/T/tmpRYHI3J/user
total 8
-rw-r--r--  1 deepthought  deepthought  232 Apr  3 15:51 __GIT_HISTORY
drwxr-xr-x  3 deepthought  deepthought  102 Apr  3 15:51 ft_range

/var/folders/f8/ybr95bn17j9dfg5lxtgcz9vm0000gq/T/tmpRYHI3J/user/ft_range:
total 8
-rw-r--r--  1 deepthought  deepthought  345 Apr  3 15:51 ft_range.c
 
= ft_list_remove_if ============================================================
Nothing turned in
Grade: 0

= Final grade: 0 ===============================================================
