= Host-specific information ====================================================
$> hostname; uname -msr
e2r12p9.42.fr
Darwin 15.6.0 x86_64
$> date
Mon Apr  3 21:24:35 CEST 2017
$> gcc --version
Configured with: --prefix=/Applications/Xcode.app/Contents/Developer/usr --with-gxx-include-dir=/usr/include/c++/4.2.1
Apple LLVM version 8.0.0 (clang-800.0.42.1)
Target: x86_64-apple-darwin15.6.0
Thread model: posix
InstalledDir: /Applications/Xcode.app/Contents/Developer/Toolchains/XcodeDefault.xctoolchain/usr/bin
$> clang --version
Apple LLVM version 8.0.0 (clang-800.0.42.1)
Target: x86_64-apple-darwin15.6.0
Thread model: posix
InstalledDir: /Applications/Xcode.app/Contents/Developer/Toolchains/XcodeDefault.xctoolchain/usr/bin

= User files collection ========================================================
Collecting user files from Vogsphere
Repository URL: auto-exam/2017/c-exam-beginner/practice-exam_20170403/afillion6

= Git history ==================================================================
$> git -C /var/folders/f8/ybr95bn17j9dfg5lxtgcz9vm0000gq/T/tmp22c1F5/user log --pretty='%H - %an, %ad : %s'
1c7a692840a6a46660f614a8e233df73fd157cea - Alexis FILLION, Mon Apr 3 21:24:25 2017 +0200 : ft_itoa
6f1b53fa9764bc4538c2c8bdc2150c34a7ec0bd5 - Alexis FILLION, Mon Apr 3 21:18:04 2017 +0200 : pgcd
 
= Collected files ==========================================
$> ls -lAR /var/folders/f8/ybr95bn17j9dfg5lxtgcz9vm0000gq/T/tmp22c1F5/user
total 8
-rw-r--r--  1 deepthought  deepthought  487 Apr  3 21:24 __GIT_HISTORY
drwxr-xr-x  3 deepthought  deepthought  102 Apr  3 21:24 ft_itoa
drwxr-xr-x  3 deepthought  deepthought  102 Apr  3 21:24 pgcd

/var/folders/f8/ybr95bn17j9dfg5lxtgcz9vm0000gq/T/tmp22c1F5/user/ft_itoa:
total 8
-rw-r--r--  1 deepthought  deepthought  664 Apr  3 21:24 ft_itoa.c

/var/folders/f8/ybr95bn17j9dfg5lxtgcz9vm0000gq/T/tmp22c1F5/user/pgcd:
total 8
-rw-r--r--  1 deepthought  deepthought  284 Apr  3 21:24 pgcd.c
 
= ft_itoa ======================================================================
$> clang -Wextra -Wall -Werror main.c ft_itoa.c -o user_exe 

= Test 1 ===================================================
$> ./4i3gltr6w0f6otm3rluuwcu9 
$> diff -U 3 user_output_test1 test1.output | cat -e

Diff OK :D
= Test 2 ===================================================
$> ./njxf067g8ca025qorc6b64il "1" "2" "3" "4" "5" "6"
$> diff -U 3 user_output_test2 test2.output | cat -e

Diff OK :D
= Test 3 ===================================================
$> ./x595dhb5dcftqqgezuk7s7wc 0
$> diff -U 3 user_output_test3 test3.output | cat -e

Diff OK :D
= Test 4 ===================================================
$> ./so00uiipqujxlp6ixwj43uty 2147483647
$> diff -U 3 user_output_test4 test4.output | cat -e

Diff OK :D
= Test 5 ===================================================
$> ./8uf72xbnuae6fo1b2fupzfos -2147483648
$> diff -U 3 user_output_test5 test5.output | cat -e
--- user_output_test5	2017-04-03 21:24:37.000000000 +0200$
+++ test5.output	2017-04-03 21:24:37.000000000 +0200$
@@ -1 +1 @@$
--($
+-2147483648$

Diff KO :(
Grade: 0

= Final grade: 0 ===============================================================
