= Host-specific information ====================================================
$> hostname; uname -msr
e2r5p10.42.fr
Darwin 15.6.0 x86_64
$> date
Mon Apr  3 18:10:28 CEST 2017
$> gcc --version
Configured with: --prefix=/Applications/Xcode.app/Contents/Developer/usr --with-gxx-include-dir=/usr/include/c++/4.2.1
Apple LLVM version 8.0.0 (clang-800.0.42.1)
Target: x86_64-apple-darwin15.6.0
Thread model: posix
InstalledDir: /Applications/Xcode.app/Contents/Developer/Toolchains/XcodeDefault.xctoolchain/usr/bin
$> clang --version
Apple LLVM version 8.0.0 (clang-800.0.42.1)
Target: x86_64-apple-darwin15.6.0
Thread model: posix
InstalledDir: /Applications/Xcode.app/Contents/Developer/Toolchains/XcodeDefault.xctoolchain/usr/bin

= User files collection ========================================================
Collecting user files from Vogsphere
Repository URL: auto-exam/2017/c-exam-beginner/practice-exam_20170403/afillion3

= Git history ==================================================================
$> git -C /var/folders/3v/b96mmtt5069650tyjq30mtcw0000gq/T/tmpSdKDtZ/user log --pretty='%H - %an, %ad : %s'
d4beb6bcf00ded9c1cd405dbf4e40b10cc6cfe10 - Alexis FILLION, Mon Apr 3 18:10:19 2017 +0200 : add_prime_sum
 
= Collected files ==========================================
$> ls -lAR /var/folders/3v/b96mmtt5069650tyjq30mtcw0000gq/T/tmpSdKDtZ/user
total 8
-rw-r--r--  1 deepthought  deepthought  268 Apr  3 18:10 __GIT_HISTORY
drwxr-xr-x  3 deepthought  deepthought  102 Apr  3 18:10 add_prime_sum

/var/folders/3v/b96mmtt5069650tyjq30mtcw0000gq/T/tmpSdKDtZ/user/add_prime_sum:
total 8
-rw-r--r--  1 deepthought  deepthought  845 Apr  3 18:10 add_prime_sum.c
 
= add_prime_sum ================================================================
$> clang -Wextra -Wall -Werror add_prime_sum.c -o user_exe 

= Test 1 ===================================================
$> ./gxlhltlr4gwytz9ulnsz4pvg 
$> diff -U 3 user_output_test1 test1.output | cat -e

Diff OK :D
= Test 2 ===================================================
$> ./9nj7d1sxwpha5hd53m1vwzgp "17" "23" "42"
$> diff -U 3 user_output_test2 test2.output | cat -e

Diff OK :D
= Test 3 ===================================================
$> ./99gxzpetk1zndp2cvs5i8vqj "-312"
$> diff -U 3 user_output_test3 test3.output | cat -e

Diff OK :D
= Test 4 ===================================================
$> ./1fowvnf7g3hmn6j842vlrosc "-1400"
$> diff -U 3 user_output_test4 test4.output | cat -e

Diff OK :D
= Test 5 ===================================================
$> ./ovsf1fpdfmczlyijzlaurbet "1989"
$> diff -U 3 user_output_test5 test5.output | cat -e

Diff OK :D
= Test 6 ===================================================
$> ./x8wfnstlhk91anmoo88o7apk "442"
$> diff -U 3 user_output_test6 test6.output | cat -e

Diff OK :D
= Test 7 ===================================================
$> ./tmtu0gputann4m3pheox7tm2 "1485"
$> diff -U 3 user_output_test7 test7.output | cat -e

Diff OK :D
= Test 8 ===================================================
$> ./vl3tlpsc273ua41mh60nqom3 "877"
$> diff -U 3 user_output_test8 test8.output | cat -e

Diff OK :D
= Test 9 ===================================================
$> ./itvmlqepq6dm9guvopvedxf8 "502"
$> diff -U 3 user_output_test9 test9.output | cat -e

Diff OK :D
= Test 10 ==================================================
$> ./njyltec4vgkk1hrgw7lpwaj6 "1797"
$> diff -U 3 user_output_test10 test10.output | cat -e

Diff OK :D
= Test 11 ==================================================
$> ./05umroaa7yllg44crx2hs14k "1920"
$> diff -U 3 user_output_test11 test11.output | cat -e

Diff OK :D
= Test 12 ==================================================
$> ./3lww8wsg6a38z0pak22zlrpa "1631"
$> diff -U 3 user_output_test12 test12.output | cat -e

Diff OK :D
= Test 13 ==================================================
$> ./nv3rxjplx69n3gdb4t985pde "7"
$> diff -U 3 user_output_test13 test13.output | cat -e

Diff OK :D
= Test 14 ==================================================
$> ./koue3qaamgxca1ly6w0pxb79 "796"
$> diff -U 3 user_output_test14 test14.output | cat -e

Diff OK :D
= Test 15 ==================================================
$> ./wr1mhd6790plseyzy9zbudp2 "1896"
$> diff -U 3 user_output_test15 test15.output | cat -e

Diff OK :D
= Test 16 ==================================================
$> ./qlyyvuqeso1zgo3uhi0oj2z1 "1856"
$> diff -U 3 user_output_test16 test16.output | cat -e

Diff OK :D
= Test 17 ==================================================
$> ./60tl86l2y6iset8p2kyrtgn7 "267"
$> diff -U 3 user_output_test17 test17.output | cat -e

Diff OK :D
Grade: 1

= Final grade: 1 ===============================================================
