= Host-specific information ====================================================
$> hostname; uname -msr
e1r5p7.42.fr
Darwin 15.6.0 x86_64
$> date
Mon May 15 16:53:08 CEST 2017
$> gcc --version
Configured with: --prefix=/Applications/Xcode.app/Contents/Developer/usr --with-gxx-include-dir=/usr/include/c++/4.2.1
Apple LLVM version 8.0.0 (clang-800.0.42.1)
Target: x86_64-apple-darwin15.6.0
Thread model: posix
InstalledDir: /Applications/Xcode.app/Contents/Developer/Toolchains/XcodeDefault.xctoolchain/usr/bin
$> clang --version
Apple LLVM version 8.0.0 (clang-800.0.42.1)
Target: x86_64-apple-darwin15.6.0
Thread model: posix
InstalledDir: /Applications/Xcode.app/Contents/Developer/Toolchains/XcodeDefault.xctoolchain/usr/bin

= User files collection ========================================================
Collecting user files from Vogsphere
Repository URL: auto-exam/2017/c-exam-beginner/practice-exam_20170515/afillion

= Git history ==================================================================
$> git -C /var/folders/cn/vzt0zxdj47l35jlvwh45yb3h0000gq/T/tmp8sYFDq/user log --pretty='%H - %an, %ad : %s'
e9bd29ecb549d26deb3b42103193eac0268b8c03 - Alexis FILLION, Mon May 15 16:52:51 2017 +0200 : brackets
 
= Collected files ==========================================
$> ls -lAR /var/folders/cn/vzt0zxdj47l35jlvwh45yb3h0000gq/T/tmp8sYFDq/user
total 8
-rw-r--r--  1 deepthought  deepthought  265 May 15 16:53 __GIT_HISTORY
drwxr-xr-x  3 deepthought  deepthought  102 May 15 16:53 brackets

/var/folders/cn/vzt0zxdj47l35jlvwh45yb3h0000gq/T/tmp8sYFDq/user/brackets:
total 8
-rw-r--r--  1 deepthought  deepthought  2110 May 15 16:53 brackets.c
 
= brackets =====================================================================
$> clang -Wextra -Wall -Werror brackets.c -o user_exe 

= Test 1 ===================================================
$> ./614wan8w44iqc78sxelhofva '(toto)'
$> diff -U 3 user_output_test1 test1.output | cat -e

Diff OK :D
= Test 2 ===================================================
$> ./febwr7sodk6fmtkkgh7i9c98 '([)]'
$> diff -U 3 user_output_test2 test2.output | cat -e

Diff OK :D
= Test 3 ===================================================
$> ./j6ux4plbiw876rxmnktb87b1 '' '{[(0 + 0)(1 + 1)](3*(-1)){()}}'
$> diff -U 3 user_output_test3 test3.output | cat -e

Diff OK :D
= Test 4 ===================================================
$> ./mbllmcg9fevus0epdqkvxnwf 
$> diff -U 3 user_output_test4 test4.output | cat -e

Diff OK :D
= Test 5 ===================================================
$> ./d56q5snpp363q4i0bmzk5th8 '()' '[]' '{}' '' 'toto' '([{}[{(()[])}()]]())(((([])))())'
$> diff -U 3 user_output_test5 test5.output | cat -e

Diff OK :D
= Test 6 ===================================================
$> ./s0es4d0bg2fbs4owmja5t6kf '()[]{}' '([{}])[({})]{([])}'
$> diff -U 3 user_output_test6 test6.output | cat -e

Diff OK :D
= Test 7 ===================================================
$> ./bdlvudiwvctnjfjcrfid08rv '(]' '{)' '[}' ')' '}' ')' '(' '{' '['
$> diff -U 3 user_output_test7 test7.output | cat -e

Diff OK :D
= Test 8 ===================================================
$> ./m8u750qbkko6q1mnbvfslduj '({)}' '[()]{}]' '])}' '([{' "(cette (trace n'a pas [de but precis]) {a part embeter (tout le monde)})"
$> diff -U 3 user_output_test8 test8.output | cat -e

Diff OK :D
Grade: 1

= Final grade: 1 ===============================================================
